D:\AngularStart\AngularStart\src\app\app.component.js
D:\AngularStart\AngularStart\src\app\app.component.js.map
D:\AngularStart\AngularStart\src\app\app.module.js
D:\AngularStart\AngularStart\src\app\app.module.js.map
D:\AngularStart\AngularStart\src\main.js
D:\AngularStart\AngularStart\src\main.js.map
D:\AngularStart\AngularStart\src\app\app.component.spec.js
D:\AngularStart\AngularStart\src\app\app.component.spec.js.map
D:\AngularStart\AngularStart\src\app\classBinding\classBinding.Component.js
D:\AngularStart\AngularStart\src\app\classBinding\classBinding.Component.js.map
D:\AngularStart\AngularStart\src\app\employee\employee.Component.js
D:\AngularStart\AngularStart\src\app\employee\employee.Component.js.map
D:\AngularStart\AngularStart\src\app\employeeList\employee.js
D:\AngularStart\AngularStart\src\app\employeeList\employee.js.map
D:\AngularStart\AngularStart\src\app\employeeList\employeeCountComponent.js
D:\AngularStart\AngularStart\src\app\employeeList\employeeCountComponent.js.map
D:\AngularStart\AngularStart\src\app\employeeList\employeeList.Component.js
D:\AngularStart\AngularStart\src\app\employeeList\employeeList.Component.js.map
D:\AngularStart\AngularStart\src\app\employeeList\employeeTitle.Pipe.js
D:\AngularStart\AngularStart\src\app\employeeList\employeeTitle.Pipe.js.map
D:\AngularStart\AngularStart\src\app\Others\simple.Component.js
D:\AngularStart\AngularStart\src\app\Others\simple.Component.js.map
D:\AngularStart\AngularStart\src\app\styleBinding\styleBinding.Component.js
D:\AngularStart\AngularStart\src\app\styleBinding\styleBinding.Component.js.map
D:\AngularStart\AngularStart\src\app\app.component.js
D:\AngularStart\AngularStart\src\app\app.component.js.map
D:\AngularStart\AngularStart\src\app\app.module.js
D:\AngularStart\AngularStart\src\app\app.module.js.map
D:\AngularStart\AngularStart\src\main.js
D:\AngularStart\AngularStart\src\main.js.map
D:\AngularStart\AngularStart\src\app\app.component.spec.js
D:\AngularStart\AngularStart\src\app\app.component.spec.js.map
D:\AngularStart\AngularStart\src\app\classBinding\classBinding.Component.js
D:\AngularStart\AngularStart\src\app\classBinding\classBinding.Component.js.map
D:\AngularStart\AngularStart\src\app\employee\employee.Component.js
D:\AngularStart\AngularStart\src\app\employee\employee.Component.js.map
D:\AngularStart\AngularStart\src\app\employeeList\employee.js
D:\AngularStart\AngularStart\src\app\employeeList\employee.js.map
D:\AngularStart\AngularStart\src\app\employeeList\employeeCountComponent.js
D:\AngularStart\AngularStart\src\app\employeeList\employeeCountComponent.js.map
D:\AngularStart\AngularStart\src\app\employeeList\employeeList.Component.js
D:\AngularStart\AngularStart\src\app\employeeList\employeeList.Component.js.map
D:\AngularStart\AngularStart\src\app\employeeList\employeeTitle.Pipe.js
D:\AngularStart\AngularStart\src\app\employeeList\employeeTitle.Pipe.js.map
D:\AngularStart\AngularStart\src\app\Others\simple.Component.js
D:\AngularStart\AngularStart\src\app\Others\simple.Component.js.map
D:\AngularStart\AngularStart\src\app\styleBinding\styleBinding.Component.js
D:\AngularStart\AngularStart\src\app\styleBinding\styleBinding.Component.js.map
D:\AngularStart\AngularStart\src\app\app.component.js
D:\AngularStart\AngularStart\src\app\app.component.js.map
D:\AngularStart\AngularStart\src\app\employee\employee.Component.js
D:\AngularStart\AngularStart\src\app\employee\employee.Component.js.map
D:\AngularStart\AngularStart\src\app\classBinding\classBinding.Component.js
D:\AngularStart\AngularStart\src\app\classBinding\classBinding.Component.js.map
D:\AngularStart\AngularStart\src\app\styleBinding\styleBinding.Component.js
D:\AngularStart\AngularStart\src\app\styleBinding\styleBinding.Component.js.map
D:\AngularStart\AngularStart\src\app\employeeList\employee.js
D:\AngularStart\AngularStart\src\app\employeeList\employee.js.map
D:\AngularStart\AngularStart\src\app\employeeList\employeeList.Component.js
D:\AngularStart\AngularStart\src\app\employeeList\employeeList.Component.js.map
D:\AngularStart\AngularStart\src\app\employeeList\employeeTitle.Pipe.js
D:\AngularStart\AngularStart\src\app\employeeList\employeeTitle.Pipe.js.map
D:\AngularStart\AngularStart\src\app\employeeList\employeeCountComponent.js
D:\AngularStart\AngularStart\src\app\employeeList\employeeCountComponent.js.map
D:\AngularStart\AngularStart\src\app\Others\simple.Component.js
D:\AngularStart\AngularStart\src\app\Others\simple.Component.js.map
D:\AngularStart\AngularStart\src\app\app.module.js
D:\AngularStart\AngularStart\src\app\app.module.js.map
D:\AngularStart\AngularStart\src\main.js
D:\AngularStart\AngularStart\src\main.js.map
D:\AngularStart\AngularStart\src\app\app.component.spec.js
D:\AngularStart\AngularStart\src\app\app.component.spec.js.map
